<?xml version="1.0" encoding="UTF-8"?>
<!-- Generated by org.testng.reporters.JUnitReportReporter -->
<testsuite skipped="0" hostname="LAPTOP-CT7IBV5D" name="com.qa.RevisionTestNG.DifferentFeatures.GenericAnnotations" tests="1" failures="0" timestamp="27 Sep 2018 10:53:15 GMT" time="0.003" errors="0">
  <testcase name="ActualTestCase" time="0.003" classname="com.qa.RevisionTestNG.DifferentFeatures.GenericAnnotations"/>
</testsuite> <!-- com.qa.RevisionTestNG.DifferentFeatures.GenericAnnotations -->
