<?xml version="1.0" encoding="UTF-8"?>
<!-- Generated by org.testng.reporters.JUnitReportReporter -->
<testsuite skipped="1" hostname="LAPTOP-CT7IBV5D" name="com.qa.RevisionTestNG.DifferentFeatures.DifferentKeywordsInTestNG" tests="9" failures="0" timestamp="27 Sep 2018 10:12:53 GMT" time="9.876" errors="0">
  <testcase name="TestCase1" time="0.012" classname="com.qa.RevisionTestNG.DifferentFeatures.DifferentKeywordsInTestNG"/>
  <testcase name="TestCase3" time="0.002" classname="com.qa.RevisionTestNG.DifferentFeatures.DifferentKeywordsInTestNG"/>
  <testcase name="TestCase3" time="0.003" classname="com.qa.RevisionTestNG.DifferentFeatures.DifferentKeywordsInTestNG"/>
  <testcase name="TestCase3" time="0.004" classname="com.qa.RevisionTestNG.DifferentFeatures.DifferentKeywordsInTestNG"/>
  <testcase name="TestCase3" time="0.002" classname="com.qa.RevisionTestNG.DifferentFeatures.DifferentKeywordsInTestNG"/>
  <testcase name="TestCase3" time="0.001" classname="com.qa.RevisionTestNG.DifferentFeatures.DifferentKeywordsInTestNG"/>
  <testcase name="TestCase5" time="9.850" classname="com.qa.RevisionTestNG.DifferentFeatures.DifferentKeywordsInTestNG"/>
  <testcase name="TestCase6" time="0.002" classname="com.qa.RevisionTestNG.DifferentFeatures.DifferentKeywordsInTestNG"/>
  <testcase name="TestCase9" classname="com.qa.RevisionTestNG.DifferentFeatures.DifferentKeywordsInTestNG">
    <skipped/>
  </testcase> <!-- TestCase9 -->
</testsuite> <!-- com.qa.RevisionTestNG.DifferentFeatures.DifferentKeywordsInTestNG -->
