<?xml version="1.0" encoding="UTF-8"?>
<!-- Generated by org.testng.reporters.JUnitReportReporter -->
<testsuite skipped="0" hostname="LAPTOP-CT7IBV5D" name="com.qa.RevisionTestNG.MultiplePackage.MultiplePackageExecutionUsingXML1" tests="4" failures="0" timestamp="27 Sep 2018 14:22:17 GMT" time="0.009" errors="0">
  <testcase name="Test1" time="0.002" classname="com.qa.RevisionTestNG.MultiplePackage.MultiplePackageExecutionUsingXML1"/>
  <testcase name="Test2" time="0.003" classname="com.qa.RevisionTestNG.MultiplePackage.MultiplePackageExecutionUsingXML1"/>
  <testcase name="Test3" time="0.001" classname="com.qa.RevisionTestNG.MultiplePackage.MultiplePackageExecutionUsingXML1"/>
  <testcase name="Test4" time="0.003" classname="com.qa.RevisionTestNG.MultiplePackage.MultiplePackageExecutionUsingXML1"/>
</testsuite> <!-- com.qa.RevisionTestNG.MultiplePackage.MultiplePackageExecutionUsingXML1 -->
