<?xml version="1.0" encoding="UTF-8"?>
<!-- Generated by org.testng.reporters.JUnitReportReporter -->
<testsuite skipped="0" hostname="LAPTOP-CT7IBV5D" name="com.qa.RevisionTestNG.Annotations.DifferentAnnotations" tests="1" failures="0" timestamp="27 Sep 2018 08:15:07 GMT" time="0.013" errors="0">
  <testcase name="ActualTestCase" time="0.013" classname="com.qa.RevisionTestNG.Annotations.DifferentAnnotations"/>
</testsuite> <!-- com.qa.RevisionTestNG.Annotations.DifferentAnnotations -->
