<?xml version="1.0" encoding="UTF-8"?>
<!-- Generated by org.testng.reporters.JUnitReportReporter -->
<testsuite skipped="0" hostname="LAPTOP-CT7IBV5D" name="com.qa.RevisionTestNG.MultiplePackage.MultiplePackageExecutionUsingXML2" tests="2" failures="0" timestamp="27 Sep 2018 14:22:17 GMT" time="0.027" errors="0">
  <testcase name="TestCase1" time="0.022" classname="com.qa.RevisionTestNG.MultiplePackage.MultiplePackageExecutionUsingXML2"/>
  <testcase name="TestCase2" time="0.005" classname="com.qa.RevisionTestNG.MultiplePackage.MultiplePackageExecutionUsingXML2"/>
</testsuite> <!-- com.qa.RevisionTestNG.MultiplePackage.MultiplePackageExecutionUsingXML2 -->
