<?xml version="1.0" encoding="UTF-8"?>
<!-- Generated by org.testng.reporters.JUnitReportReporter -->
<testsuite skipped="0" hostname="LAPTOP-CT7IBV5D" name="com.qa.RevisionTestNG.DifferentFeatures.DataProviderExample" tests="2" failures="0" timestamp="27 Sep 2018 14:02:05 GMT" time="15.895" errors="0">
  <testcase name="Test1" time="8.180" classname="com.qa.RevisionTestNG.DifferentFeatures.DataProviderExample"/>
  <testcase name="Test1" time="7.715" classname="com.qa.RevisionTestNG.DifferentFeatures.DataProviderExample"/>
</testsuite> <!-- com.qa.RevisionTestNG.DifferentFeatures.DataProviderExample -->
