<?xml version="1.0" encoding="UTF-8"?>
<!-- Generated by org.testng.reporters.JUnitReportReporter -->
<testsuite skipped="0" hostname="LAPTOP-CT7IBV5D" name="com.qa.RevisionTestNG.MultiplePackage.MultiplePackageExecutionUsingXML" tests="2" failures="0" timestamp="27 Sep 2018 10:53:15 GMT" time="0.005" errors="0">
  <testcase name="Test2" time="0.001" classname="com.qa.RevisionTestNG.MultiplePackage.MultiplePackageExecutionUsingXML"/>
  <testcase name="Test1" time="0.004" classname="com.qa.RevisionTestNG.MultiplePackage.MultiplePackageExecutionUsingXML"/>
</testsuite> <!-- com.qa.RevisionTestNG.MultiplePackage.MultiplePackageExecutionUsingXML -->
